<?xml version="1.0" encoding="UTF-8"?>
<testng-results skipped="0" failed="0" total="1" passed="1">
  <reporter-output>
  </reporter-output>
  <suite name="Default suite" duration-ms="21" started-at="2019-08-31T14:14:27Z" finished-at="2019-08-31T14:14:27Z">
    <groups>
    </groups>
    <test name="Default test" duration-ms="21" started-at="2019-08-31T14:14:27Z" finished-at="2019-08-31T14:14:27Z">
      <class name="stringsInterviewProgram.Exampl2">
        <test-method status="PASS" signature="f()[pri:0, instance:stringsInterviewProgram.Exampl2@22a71081]" name="f" duration-ms="8" started-at="2019-08-31T19:44:27Z" finished-at="2019-08-31T19:44:27Z">
          <reporter-output>
          </reporter-output>
        </test-method> <!-- f -->
      </class> <!-- stringsInterviewProgram.Exampl2 -->
    </test> <!-- Default test -->
  </suite> <!-- Default suite -->
</testng-results>
